<?xml version="1.0" encoding="UTF-8"?>
<!-- Generated by org.testng.reporters.JUnitReportReporter -->
<testsuite skipped="0" hostname="CHARAN" name="restAPI.LibraryAPI" tests="3" failures="0" timestamp="23 May 2021 15:46:51 GMT" time="6.168" errors="0">
  <testcase name="addBook" time="0.326" classname="restAPI.LibraryAPI"/>
  <testcase name="addBook" time="5.520" classname="restAPI.LibraryAPI"/>
  <testcase name="addBook" time="0.322" classname="restAPI.LibraryAPI"/>
</testsuite> <!-- restAPI.LibraryAPI -->
